<?xml version="1.0" encoding="UTF-8"?>
<!-- Generated by org.testng.reporters.JUnitReportReporter -->
<testsuite hostname="LPT2546" failures="0" tests="2" name="PankajMavenProject.MavenJava.RestAssuredTest" time="0.014" errors="0" timestamp="2020-12-03T16:43:17 IST" skipped="0">
  <testcase classname="PankajMavenProject.MavenJava.RestAssuredTest" name="postjera" time="0.006"/>
  <system-out/>
  <testcase classname="PankajMavenProject.MavenJava.RestAssuredTest" name="ClearCache" time="0.008"/>
  <system-out/>
</testsuite> <!-- PankajMavenProject.MavenJava.RestAssuredTest -->
