<?xml version="1.0" encoding="UTF-8"?>
<!-- Generated by org.testng.reporters.JUnitReportReporter -->
<testsuite hostname="LPT2546" failures="0" tests="2" name="PankajMavenProject.MavenJava.SeleniumTest" time="0.032" errors="0" timestamp="2020-12-03T16:43:17 IST" skipped="0">
  <testcase classname="PankajMavenProject.MavenJava.SeleniumTest" name="browserautomation" time="0.023"/>
  <system-out/>
  <testcase classname="PankajMavenProject.MavenJava.SeleniumTest" name="elementUI" time="0.009"/>
  <system-out/>
</testsuite> <!-- PankajMavenProject.MavenJava.SeleniumTest -->
