<?xml version="1.0" encoding="UTF-8"?>
<!-- Generated by org.testng.reporters.JUnitReportReporter -->
<testsuite hostname="LPT2546" failures="0" tests="1" name="PankajMavenProject.MavenJava.AppTest" time="0.002" errors="0" timestamp="2020-12-03T16:43:17 IST" skipped="0">
  <testcase classname="PankajMavenProject.MavenJava.AppTest" name="AppCall" time="0.002"/>
  <system-out/>
</testsuite> <!-- PankajMavenProject.MavenJava.AppTest -->
