<?xml version="1.0" encoding="UTF-8"?>
<!-- Generated by org.testng.reporters.JUnitReportReporter -->
<testsuite skipped="0" hostname="LPT2546" name="PankajMavenProject.MavenJava.RestAssuredTest" tests="2" failures="0" timestamp="2020-12-03T17:22:04 IST" time="0.000" errors="0">
  <testcase name="ClearCache" time="0.000" classname="PankajMavenProject.MavenJava.RestAssuredTest"/>
  <system-out/>
  <testcase name="postjera" time="0.000" classname="PankajMavenProject.MavenJava.RestAssuredTest"/>
  <system-out/>
</testsuite> <!-- PankajMavenProject.MavenJava.RestAssuredTest -->
