<?xml version="1.0" encoding="UTF-8"?>
<!-- Generated by org.testng.reporters.JUnitReportReporter -->
<testsuite skipped="0" hostname="LPT2546" name="PankajMavenProject.MavenJava.APITest" tests="1" failures="0" timestamp="2020-12-03T17:21:37 IST" time="0.001" errors="0">
  <testcase name="ManagePankaj" time="0.001" classname="PankajMavenProject.MavenJava.APITest"/>
  <system-out/>
</testsuite> <!-- PankajMavenProject.MavenJava.APITest -->
