<?xml version="1.0" encoding="UTF-8"?>
<!-- Generated by org.testng.reporters.JUnitReportReporter -->
<testsuite skipped="0" hostname="LPT2546" name="PankajMavenProject.MavenJava.SeleniumTest" tests="2" failures="0" timestamp="2020-12-03T17:22:04 IST" time="0.006" errors="0">
  <testcase name="browserautomation" time="0.006" classname="PankajMavenProject.MavenJava.SeleniumTest"/>
  <system-out/>
  <testcase name="elementUI" time="0.000" classname="PankajMavenProject.MavenJava.SeleniumTest"/>
  <system-out/>
</testsuite> <!-- PankajMavenProject.MavenJava.SeleniumTest -->
